[  156132ms] [INFO] Autofocus processing was blocked because a document already has a focused element. @ http://localhost:8000/login:0
[  386720ms] [WARNING] [Vue warn]: Invalid prop: type check failed for prop "modelValue". Expected String with value "31", got Number with value 31. 
  at <TextInput model-value=31 type="text" class="mt-1 block w-full bg-gray-100"  ... > 
  at <UpdateApplicantProfileForm> 
  at <AuthenticatedLayout> 
  at <PanelLayout> 
  at <Edit errors= {} auth= {user: Object, permissions: Array(2)} flash= {success: null}  ... > 
  at <Inertia initialPage= {component: Applicants/ReviewQueue, props: Object, url: /applicants/review, version: 0bbb10f9daf5c4e7f1a4511d21add9a2, clearHistory: false} initialComponent= {__name: ReviewQueue, props: Object, setup: , __hmrId: 5a96b361, render: } resolveComponent=fn<resolveComponent>  ... > 
  at <App> @ http://127.0.0.1:5173/node_modules/.vite/deps/chunk-O2H5CLXP.js?v=fed7cac8:2225
[  495583ms] [WARNING] [Vue warn]: Invalid prop: type check failed for prop "modelValue". Expected String with value "31", got Number with value 31. 
  at <TextInput model-value=31 type="text" class="mt-1 block w-full bg-gray-100"  ... > 
  at <UpdateApplicantProfileForm> 
  at <AuthenticatedLayout> 
  at <PanelLayout> 
  at <Edit errors= {} auth= {user: Object, permissions: Array(2)} flash= {success: null}  ... > 
  at <Inertia initialPage= {component: Applicants/ReviewQueue, props: Object, url: /applicants/review, version: 0bbb10f9daf5c4e7f1a4511d21add9a2, clearHistory: false} initialComponent= {__name: ReviewQueue, props: Object, setup: , __hmrId: 5a96b361, render: } resolveComponent=fn<resolveComponent>  ... > 
  at <App> @ http://127.0.0.1:5173/node_modules/.vite/deps/chunk-O2H5CLXP.js?v=fed7cac8:2225
[  495600ms] [WARNING] [Vue warn]: Invalid prop: type check failed for prop "modelValue". Expected String with value "undefined", got Undefined  
  at <TextInput modelValue=undefined onUpdate:modelValue=fn type="text"  ... > 
  at <UpdateApplicantProfileForm> 
  at <AuthenticatedLayout> 
  at <PanelLayout> 
  at <Edit errors= {} auth= {user: Object, permissions: Array(2)} flash= {success: null}  ... > 
  at <Inertia initialPage= {component: Applicants/ReviewQueue, props: Object, url: /applicants/review, version: 0bbb10f9daf5c4e7f1a4511d21add9a2, clearHistory: false} initialComponent= {__name: ReviewQueue, props: Object, setup: , __hmrId: 5a96b361, render: } resolveComponent=fn<resolveComponent>  ... > 
  at <App> @ http://127.0.0.1:5173/node_modules/.vite/deps/chunk-O2H5CLXP.js?v=fed7cac8:2225
[  500548ms] [WARNING] [Vue warn]: Invalid prop: type check failed for prop "modelValue". Expected String with value "31", got Number with value 31. 
  at <TextInput model-value=31 type="text" class="mt-1 block w-full bg-gray-100"  ... > 
  at <UpdateApplicantProfileForm> 
  at <AuthenticatedLayout> 
  at <PanelLayout> 
  at <Edit errors= {} auth= {user: Object, permissions: Array(2)} flash= {success: null}  ... > 
  at <Inertia initialPage= {component: Profile/Edit, props: Object, url: /profile, version: 0bbb10f9daf5c4e7f1a4511d21add9a2, clearHistory: false} initialComponent= {__name: Edit, props: Object, setup: , __hmrId: 5341f3a2, render: } resolveComponent=fn<resolveComponent>  ... > 
  at <App> @ http://127.0.0.1:5173/node_modules/.vite/deps/chunk-O2H5CLXP.js?v=fed7cac8:2225
[  608641ms] [ERROR] Failed to load resource: the server responded with a status of 409 (Conflict) @ http://localhost:8000/applications/wizard:0
[  670231ms] [WARNING] [Vue warn]: Invalid prop: type check failed for prop "modelValue". Expected String with value "31", got Number with value 31. 
  at <TextInput model-value=31 type="text" class="mt-1 block w-full bg-gray-100"  ... > 
  at <UpdateApplicantProfileForm> 
  at <AuthenticatedLayout> 
  at <PanelLayout> 
  at <Edit errors= {} auth= {user: Object, permissions: Array(2)} flash= {success: null}  ... > 
  at <Inertia initialPage= {component: Applications/Wizard, props: Object, url: /applications/wizard, version: 3f46af6dc833c650028e7bd5b35de9f7, clearHistory: false} initialComponent= {__name: Wizard, props: Object, setup: , __hmrId: 292ef5dc, render: } resolveComponent=fn<resolveComponent>  ... > 
  at <App> @ http://127.0.0.1:5173/node_modules/.vite/deps/chunk-O2H5CLXP.js?v=fed7cac8:2225
